<?xml version="1.0" encoding="UTF-8"?>
<testng-results skipped="0" failed="0" total="2" passed="2">
  <reporter-output>
  </reporter-output>
  <suite name="Default suite" duration-ms="40138" started-at="2018-09-02T17:54:02Z" finished-at="2018-09-02T17:54:42Z">
    <groups>
    </groups>
    <test name="Default test" duration-ms="40138" started-at="2018-09-02T17:54:02Z" finished-at="2018-09-02T17:54:42Z">
      <class name="com.vts.tests.TestUserPage">
        <test-method status="PASS" signature="beforeSuite()[pri:0, instance:com.vts.tests.TestUserPage@6b09bb57]" name="beforeSuite" is-config="true" duration-ms="9" started-at="2018-09-02T23:24:02Z" finished-at="2018-09-02T23:24:02Z">
          <reporter-output>
          </reporter-output>
        </test-method> <!-- beforeSuite -->
        <test-method status="PASS" signature="login()[pri:0, instance:com.vts.tests.TestUserPage@6b09bb57]" name="login" is-config="true" duration-ms="15539" started-at="2018-09-02T23:24:02Z" finished-at="2018-09-02T23:24:18Z">
          <reporter-output>
          </reporter-output>
        </test-method> <!-- login -->
        <test-method status="PASS" signature="test01_addUserData()[pri:0, instance:com.vts.tests.TestUserPage@6b09bb57]" name="test01_addUserData" duration-ms="15131" started-at="2018-09-02T23:24:18Z" finished-at="2018-09-02T23:24:33Z">
          <reporter-output>
          </reporter-output>
        </test-method> <!-- test01_addUserData -->
        <test-method status="PASS" signature="beforeMethod()[pri:0, instance:com.vts.tests.TestUserPage@6b09bb57]" name="beforeMethod" is-config="true" duration-ms="0" started-at="2018-09-02T23:24:18Z" finished-at="2018-09-02T23:24:18Z">
          <reporter-output>
          </reporter-output>
        </test-method> <!-- beforeMethod -->
        <test-method status="PASS" signature="beforeMethod()[pri:0, instance:com.vts.tests.TestUserPage@6b09bb57]" name="beforeMethod" is-config="true" duration-ms="0" started-at="2018-09-02T23:24:33Z" finished-at="2018-09-02T23:24:33Z">
          <reporter-output>
          </reporter-output>
        </test-method> <!-- beforeMethod -->
        <test-method status="PASS" signature="test02_deleteUserData()[pri:0, instance:com.vts.tests.TestUserPage@6b09bb57]" name="test02_deleteUserData" duration-ms="9457" started-at="2018-09-02T23:24:33Z" finished-at="2018-09-02T23:24:42Z">
          <reporter-output>
          </reporter-output>
        </test-method> <!-- test02_deleteUserData -->
        <test-method status="PASS" signature="afterMethod()[pri:0, instance:com.vts.tests.TestUserPage@6b09bb57]" name="afterMethod" is-config="true" duration-ms="0" started-at="2018-09-02T23:24:33Z" finished-at="2018-09-02T23:24:33Z">
          <reporter-output>
          </reporter-output>
        </test-method> <!-- afterMethod -->
        <test-method status="PASS" signature="afterMethod()[pri:0, instance:com.vts.tests.TestUserPage@6b09bb57]" name="afterMethod" is-config="true" duration-ms="1" started-at="2018-09-02T23:24:42Z" finished-at="2018-09-02T23:24:42Z">
          <reporter-output>
          </reporter-output>
        </test-method> <!-- afterMethod -->
        <test-method status="PASS" signature="logout()[pri:0, instance:com.vts.tests.TestUserPage@6b09bb57]" name="logout" is-config="true" duration-ms="0" started-at="2018-09-02T23:24:42Z" finished-at="2018-09-02T23:24:42Z">
          <reporter-output>
          </reporter-output>
        </test-method> <!-- logout -->
        <test-method status="PASS" signature="afterTest()[pri:0, instance:com.vts.tests.TestUserPage@6b09bb57]" name="afterTest" is-config="true" duration-ms="0" started-at="2018-09-02T23:24:42Z" finished-at="2018-09-02T23:24:42Z">
          <reporter-output>
          </reporter-output>
        </test-method> <!-- afterTest -->
        <test-method status="PASS" signature="afterSuite()[pri:0, instance:com.vts.tests.TestUserPage@6b09bb57]" name="afterSuite" is-config="true" duration-ms="0" started-at="2018-09-02T23:24:42Z" finished-at="2018-09-02T23:24:42Z">
          <reporter-output>
          </reporter-output>
        </test-method> <!-- afterSuite -->
      </class> <!-- com.vts.tests.TestUserPage -->
    </test> <!-- Default test -->
  </suite> <!-- Default suite -->
</testng-results>
